Using pre-set license
Built from '2021.1/staging' branch; Version is '2021.1.24f1 (6667702a1e7c) revision 6711152'; Using compiler version '192528614'; Build Type 'Release'
OS: 'Windows 10 Pro; OS build 19043.1466; Version 2009; 64bit' Language: 'ja' Physical Memory: 12144 MB
BatchMode: 1, IsHumanControllingUs: 0, StartBugReporterOnCrash: 0, Is64bit: 1, IsPro: 0

COMMAND LINE ARGUMENTS:
C:\Program Files\Unity\Hub\Editor\2021.1.24f1\Editor\Unity.exe
-adb2
-batchMode
-noUpm
-name
AssetImportWorker0
-projectPath
C:/Users/User/Documents/GitHub/OG-3/OG3
-logFile
Logs/AssetImportWorker0.log
-srvPort
54349
Successfully changed project path to: C:/Users/User/Documents/GitHub/OG-3/OG3
C:/Users/User/Documents/GitHub/OG-3/OG3
Using Asset Import Pipeline V2.
Refreshing native plugins compatible for Editor in 51.62 ms, found 3 plugins.
Preloading 0 native plugins for Editor in 0.00 ms.
Initialize engine version: 2021.1.24f1 (6667702a1e7c)
[Subsystems] Discovering subsystems at path C:/Program Files/Unity/Hub/Editor/2021.1.24f1/Editor/Data/Resources/UnitySubsystems
[Subsystems] Discovering subsystems at path C:/Users/User/Documents/GitHub/OG-3/OG3/Assets
GfxDevice: creating device client; threaded=0; jobified=0
Direct3D:
    Version:  Direct3D 11.0 [level 11.1]
    Renderer: Intel(R) UHD Graphics 620 (ID=0x5917)
    Vendor:   Intel
    VRAM:     6072 MB
    Driver:   26.20.100.7263
Initialize mono
Mono path[0] = 'C:/Program Files/Unity/Hub/Editor/2021.1.24f1/Editor/Data/Managed'
Mono path[1] = 'C:/Program Files/Unity/Hub/Editor/2021.1.24f1/Editor/Data/MonoBleedingEdge/lib/mono/unityjit'
Mono config path = 'C:/Program Files/Unity/Hub/Editor/2021.1.24f1/Editor/Data/MonoBleedingEdge/etc'
Using monoOptions --debugger-agent=transport=dt_socket,embedding=1,server=y,suspend=n,address=127.0.0.1:56524
Begin MonoManager ReloadAssembly
Registering precompiled unity dll's ...
Register platform support module: C:/Program Files/Unity/Hub/Editor/2021.1.24f1/Editor/Data/PlaybackEngines/WebGLSupport/UnityEditor.WebGL.Extensions.dll
Register platform support module: C:/Program Files/Unity/Hub/Editor/2021.1.24f1/Editor/Data/PlaybackEngines/WindowsStandaloneSupport/UnityEditor.WindowsStandalone.Extensions.dll
Registered in 0.003086 seconds.
Native extension for WindowsStandalone target not found
Native extension for WebGL target not found
Refreshing native plugins compatible for Editor in 58.83 ms, found 3 plugins.
Preloading 0 native plugins for Editor in 0.00 ms.
Mono: successfully reloaded assembly
- Completed reload, in  1.540 seconds
Domain Reload Profiling:
	ReloadAssembly (1541ms)
		BeginReloadAssembly (72ms)
			ExecutionOrderSort (0ms)
			DisableScriptedObjects (0ms)
			BackupInstance (0ms)
			ReleaseScriptingObjects (0ms)
			CreateAndSetChildDomain (1ms)
		EndReloadAssembly (563ms)
			LoadAssemblies (70ms)
			RebuildTransferFunctionScriptingTraits (0ms)
			SetupTypeCache (201ms)
			ReleaseScriptCaches (0ms)
			RebuildScriptCaches (40ms)
			SetupLoadedEditorAssemblies (242ms)
				LogAssemblyErrors (0ms)
				InitializePlatformSupportModulesInManaged (12ms)
				SetLoadedEditorAssemblies (0ms)
				RefreshPlugins (59ms)
				BeforeProcessingInitializeOnLoad (2ms)
				ProcessInitializeOnLoadAttributes (123ms)
				ProcessInitializeOnLoadMethodAttributes (46ms)
				AfterProcessingInitializeOnLoad (0ms)
				EditorAssembliesLoaded (0ms)
			ExecutionOrderSort2 (0ms)
			AwakeInstancesAfterBackupRestoration (0ms)
Platform modules already initialized, skipping
Registering precompiled user dll's ...
Registered in 0.006847 seconds.
Begin MonoManager ReloadAssembly
Native extension for WindowsStandalone target not found
Native extension for WebGL target not found
Refreshing native plugins compatible for Editor in 52.23 ms, found 3 plugins.
Preloading 0 native plugins for Editor in 0.00 ms.
Mono: successfully reloaded assembly
- Completed reload, in  1.309 seconds
Domain Reload Profiling:
	ReloadAssembly (1310ms)
		BeginReloadAssembly (178ms)
			ExecutionOrderSort (0ms)
			DisableScriptedObjects (5ms)
			BackupInstance (0ms)
			ReleaseScriptingObjects (0ms)
			CreateAndSetChildDomain (23ms)
		EndReloadAssembly (1054ms)
			LoadAssemblies (111ms)
			RebuildTransferFunctionScriptingTraits (0ms)
			SetupTypeCache (359ms)
			ReleaseScriptCaches (1ms)
			RebuildScriptCaches (56ms)
			SetupLoadedEditorAssemblies (415ms)
				LogAssemblyErrors (0ms)
				InitializePlatformSupportModulesInManaged (6ms)
				SetLoadedEditorAssemblies (0ms)
				RefreshPlugins (52ms)
				BeforeProcessingInitializeOnLoad (68ms)
				ProcessInitializeOnLoadAttributes (264ms)
				ProcessInitializeOnLoadMethodAttributes (16ms)
				AfterProcessingInitializeOnLoad (8ms)
				EditorAssembliesLoaded (0ms)
			ExecutionOrderSort2 (0ms)
			AwakeInstancesAfterBackupRestoration (8ms)
Platform modules already initialized, skipping
========================================================================
Worker process is ready to serve import requests
Launched and connected shader compiler UnityShaderCompiler.exe after 0.09 seconds
Refreshing native plugins compatible for Editor in 0.49 ms, found 3 plugins.
Preloading 0 native plugins for Editor in 0.00 ms.
Unloading 2143 Unused Serialized files (Serialized files now loaded: 0)
System memory in use before: 101.1 MB.
System memory in use after: 101.2 MB.

Unloading 28 unused Assets to reduce memory usage. Loaded Objects now: 2601.
Total: 4.485800 ms (FindLiveObjects: 0.204400 ms CreateObjectMapping: 0.080100 ms MarkObjects: 4.106000 ms  DeleteObjects: 0.094000 ms)

AssetImportParameters requested are different than current active one (requested -> active):
  custom:framework-win-MediaFoundation: 216162199b28c13a410421893ffa2e32 -> 
  custom:video-decoder-ogg-theora: a1e56fd34408186e4bbccfd4996cb3dc -> 
  custom:container-muxer-webm: aa71ff27fc2769a1b78a27578f13a17b -> 
  custom:container-demuxer-webm: 4f35f7cbe854078d1ac9338744f61a02 -> 
  custom:container-demuxer-ogg: 62fdf1f143b41e24485cea50d1cbac27 -> 
  custom:video-encoder-webm-vp8: eb34c28f22e8b96e1ab97ce403110664 -> 
  custom:video-codec-MediaFoundation-h265: 746d11721c4dcdbdad8f713fa42b33f4 -> 
  custom:video-decoder-webm-vp8: 9c59270c3fd7afecdb556c50c9e8de78 -> 
  custom:audio-decoder-ogg-vorbis: bf7c407c2cedff20999df2af8eb42d56 -> 
  custom:audio-encoder-webm-vorbis: bf7c407c2cedff20999df2af8eb42d56 -> 
========================================================================
Received Import Request.
  path: Assets/Scenes/minigamemenuscene.unity
  artifactKey: Guid(9f67935f93efca64e94e70d6189a3d2b) Importer(815301076,1909f56bfc062723c751e8b465ee728b)
Start importing Assets/Scenes/minigamemenuscene.unity using Guid(9f67935f93efca64e94e70d6189a3d2b) Importer(815301076,1909f56bfc062723c751e8b465ee728b)  -> (artifact id: 'd36092a4c86d6123e44b23eeaccdcdfd') in 0.019016 seconds 
========================================================================
Received Import Request.
  Time since last request: 4.312328 seconds.
  path: Assets/Scenes/icegame scene.unity
  artifactKey: Guid(549deb0ff859a9444bf215a1bd34874a) Importer(815301076,1909f56bfc062723c751e8b465ee728b)
Start importing Assets/Scenes/icegame scene.unity using Guid(549deb0ff859a9444bf215a1bd34874a) Importer(815301076,1909f56bfc062723c751e8b465ee728b)  -> (artifact id: '646924f3c368473eb7e1968eed6d2283') in 0.012019 seconds 
========================================================================
Received Import Request.
  Time since last request: 11.701004 seconds.
  path: Assets/Scenes/minigame_2.unity
  artifactKey: Guid(bd6bc4b5d604dbe418a56e4432441864) Importer(815301076,1909f56bfc062723c751e8b465ee728b)
Start importing Assets/Scenes/minigame_2.unity using Guid(bd6bc4b5d604dbe418a56e4432441864) Importer(815301076,1909f56bfc062723c751e8b465ee728b)  -> (artifact id: 'b2d455e85953699538bee2a49d7fda26') in 0.014281 seconds 
========================================================================
Received Import Request.
  Time since last request: 1331.661345 seconds.
  path: Assets/Scenes/Scripts/og3/minigame_2Script.cs
  artifactKey: Guid(2039fa07627911248a209fff21a8dda5) Importer(815301076,1909f56bfc062723c751e8b465ee728b)
Start importing Assets/Scenes/Scripts/og3/minigame_2Script.cs using Guid(2039fa07627911248a209fff21a8dda5) Importer(815301076,1909f56bfc062723c751e8b465ee728b)  -> (artifact id: '329b47424c25650328c5d84211580c21') in 0.029510 seconds 
========================================================================
Received Import Request.
  Time since last request: 178.537078 seconds.
  path: Assets/Resources/Sprites
  artifactKey: Guid(85f5955b1e71acd408436c5fa1e57868) Importer(815301076,1909f56bfc062723c751e8b465ee728b)
Start importing Assets/Resources/Sprites using Guid(85f5955b1e71acd408436c5fa1e57868) Importer(815301076,1909f56bfc062723c751e8b465ee728b)  -> (artifact id: 'd36c5c8b075208793a70cad01be2bd29') in 0.012033 seconds 
========================================================================
Received Import Request.
  Time since last request: 1.472364 seconds.
  path: Assets/Resources/Sprites/UI/Save.jpg
  artifactKey: Guid(547e08b5bfddf0d4089b2327772c19e4) Importer(815301076,1909f56bfc062723c751e8b465ee728b)
Start importing Assets/Resources/Sprites/UI/Save.jpg using Guid(547e08b5bfddf0d4089b2327772c19e4) Importer(815301076,1909f56bfc062723c751e8b465ee728b)  -> (artifact id: '0f2bb29e4157d9769e352ec7cf339de9') in 0.153927 seconds 
========================================================================
Received Import Request.
  Time since last request: 0.000301 seconds.
  path: Assets/Resources/Sprites/UI/stillalbum_nextpagebutton.png
  artifactKey: Guid(65fecab03593fb144a3c5842dd6fc1bf) Importer(815301076,1909f56bfc062723c751e8b465ee728b)
Start importing Assets/Resources/Sprites/UI/stillalbum_nextpagebutton.png using Guid(65fecab03593fb144a3c5842dd6fc1bf) Importer(815301076,1909f56bfc062723c751e8b465ee728b)  -> (artifact id: 'bc6190e16d6ade0f6e38cd7634e54a29') in 0.032887 seconds 
========================================================================
Received Import Request.
  Time since last request: 0.000187 seconds.
  path: Assets/Resources/Sprites/UI/stillalbum.png
  artifactKey: Guid(8603c5f910b81b448a68bc4e9822248e) Importer(815301076,1909f56bfc062723c751e8b465ee728b)
Start importing Assets/Resources/Sprites/UI/stillalbum.png using Guid(8603c5f910b81b448a68bc4e9822248e) Importer(815301076,1909f56bfc062723c751e8b465ee728b)  -> (artifact id: '93da0f05c81268863618cafef0b82458') in 0.026581 seconds 
========================================================================
Received Import Request.
  Time since last request: 0.000170 seconds.
  path: Assets/Resources/Sprites/UI/Save2.jpg
  artifactKey: Guid(b86c1357e6c495a488229a94b36f8521) Importer(815301076,1909f56bfc062723c751e8b465ee728b)
Start importing Assets/Resources/Sprites/UI/Save2.jpg using Guid(b86c1357e6c495a488229a94b36f8521) Importer(815301076,1909f56bfc062723c751e8b465ee728b)  -> (artifact id: '251a2a662146f1e88af1148f227c4e7f') in 0.043726 seconds 
========================================================================
Received Import Request.
  Time since last request: 356.682637 seconds.
  path: Assets/Scenes/minigame_2.unity
  artifactKey: Guid(bd6bc4b5d604dbe418a56e4432441864) Importer(815301076,1909f56bfc062723c751e8b465ee728b)
Start importing Assets/Scenes/minigame_2.unity using Guid(bd6bc4b5d604dbe418a56e4432441864) Importer(815301076,1909f56bfc062723c751e8b465ee728b)  -> (artifact id: '27f6013ad6c41ed16f03f4ae49ec46d8') in 0.009801 seconds 
========================================================================
Received Import Request.
  Time since last request: 111.532934 seconds.
  path: Assets/Scenes/Main scene.unity
  artifactKey: Guid(31f2d5139b871d74584dc5239f9113ac) Importer(815301076,1909f56bfc062723c751e8b465ee728b)
Start importing Assets/Scenes/Main scene.unity using Guid(31f2d5139b871d74584dc5239f9113ac) Importer(815301076,1909f56bfc062723c751e8b465ee728b)  -> (artifact id: '4d804a83ffbaf962d980d81ed88faaf9') in 0.011749 seconds 
AssetImportWorkerClient::OnTransportError - code=2 error=End of file
